Start time: 08:35:05
 ----------- Training data -----------
Read 1000/1000 lines
Model intercept: [0.45362965]
Model coef: [[ 0.00930541 -0.201505   -0.08063287 -0.31379289  0.04821109 -0.00706431
   0.20176571  0.08814026  0.22450939  0.05680557 -0.03375725 -0.03792975
  -0.07347126 -0.17010995  0.16166818 -0.1482595   0.10722177 -0.12865706
   0.09150549  0.07570399 -0.15883623  0.13775833 -0.02749458  0.06827349
   0.07249931 -0.00331505  0.01940131 -0.04701076 -0.11123745  0.03264133
   0.00473902  0.14491994  0.11618835  0.18173058 -0.06869588 -0.09785899
  -0.19739601 -0.18001466  0.04149096 -0.17389321  0.21443231 -0.14482149
   0.05300908  0.17317241 -0.18538794  0.39363553 -0.12526721  0.15906628
  -0.2801957  -0.11023083]]
Model score: 0.57
Model confusion matrix: 
[[379 164]
 [266 191]]
 ----------- Test data -----------
Read 200/200 lines
Model score: 0.455
Model confusion matrix: 
[[64 45]
 [64 27]]
End time: 08:35:05
Time difference is 0.0 seconds




Start time: 08:35:44
 ----------- Training data -----------
Read 5000/5000 lines
Model intercept: [0.066663]
Model coef: [[-0.02000427 -0.00856048  0.05041218  0.01219351 -0.04425815  0.02215314
   0.07090738 -0.09447646  0.01377628  0.0590997  -0.0709149  -0.06583122
   0.01093524  0.05680269  0.07111625 -0.05747289 -0.0349563  -0.16439492
  -0.04899456  0.05313802  0.03096939  0.05236953 -0.06738932 -0.06004956
   0.02820821  0.05511832  0.02020215  0.09540898 -0.14673288  0.00222738
  -0.02630136  0.01289259 -0.02278014  0.05532484 -0.05141782 -0.05074537
  -0.04971631  0.03263814  0.16097066 -0.01396526 -0.02540109 -0.07411055
  -0.00248324 -0.04218077 -0.02574775  0.13374394  0.0414952   0.09457155
   0.05715287 -0.11243002]]
Model score: 0.5342
Model confusion matrix: 
[[2025  668]
 [1661  646]]
 ----------- Test data -----------
Read 1000/1000 lines
Model score: 0.5
Model confusion matrix: 
[[385 162]
 [338 115]]
End time: 08:35:44
Time difference is 0.0 seconds




Start time: 08:36:15
 ----------- Training data -----------
Read 20000/20000 lines
Model intercept: [0.03394676]
Model coef: [[-0.03861191  0.04931607  0.07449358  0.05817177  0.02463464  0.02631613
   0.03889309 -0.03294749 -0.01482289 -0.10508585 -0.0609968   0.02940456
   0.02949645  0.02490895  0.05767322  0.00234761 -0.02327582 -0.05129731
  -0.0684811   0.0513657  -0.00651195 -0.05298714 -0.04759383 -0.03259931
   0.00121365  0.02949021 -0.00358584  0.05930341  0.08226224  0.02898081
  -0.02642346 -0.09798426 -0.08085665  0.00043928 -0.02275487 -0.0326787
  -0.02193566  0.0056452   0.08473014  0.03108327  0.00670937 -0.01107172
   0.00226148 -0.00901274 -0.0451641   0.01105306  0.0379289   0.00847789
  -0.05369933  0.0018892 ]]
Model score: 0.5795
Model confusion matrix: 
[[9658 1167]
 [7243 1932]]
 ----------- Test data -----------
Read 4000/4000 lines
Model score: 0.578
Model confusion matrix: 
[[1940  294]
 [1394  372]]
End time: 08:36:19
Time difference is 4.0 seconds




Start time: 08:36:46
 ----------- Training data -----------
Read 100000/100000 lines
Model intercept: [-0.01700361]
Model coef: [[-0.06277242 -0.00113744  0.03658227  0.04852386  0.02818724  0.00134897
   0.03086896  0.00114944  0.00509284 -0.06778711 -0.06259036 -0.01979433
   0.01372712  0.03128051  0.03717852  0.00043469  0.01573707 -0.00742081
  -0.01428887  0.04596834  0.00992131 -0.02537386 -0.03534592 -0.03486252
  -0.01887781  0.00530162 -0.0012816   0.01558647  0.05902059  0.0461504
  -0.00873558 -0.04822901 -0.05258927 -0.02587124 -0.01979209 -0.00983027
  -0.00985184 -0.00379525  0.01071412  0.00988532  0.02835169  0.00259757
   0.02457882  0.00326674 -0.01156015  0.01662989 -0.01506033  0.00307068
  -0.02924092 -0.00474239]]
Model score: 0.61141
Model confusion matrix: 
[[53142   843]
 [38016  7999]]
 ----------- Test data -----------
Read 20000/20000 lines
Model score: 0.60775
Model confusion matrix: 
[[10602   199]
 [ 7646  1553]]
End time: 08:40:11
Time difference is 205.0 seconds