K = 3


Start time: 16:19:45
 ----------- Training data -----------
Read 1000/1000 lines
Model score: 0.975
Model confusion matrix: 
[[520  23]
 [  2 455]]
 ----------- Test data -----------
Read 200/200 lines
Model score: 0.98
Model confusion matrix: 
[[105   4]
 [  0  91]]
End time: 16:19:45
Time difference is 0.0 seconds




Start time: 16:20:21
 ----------- Training data -----------
Read 5000/5000 lines
Model score: 0.9772
Model confusion matrix: 
[[2592  101]
 [  13 2294]]
 ----------- Test data -----------
Read 1000/1000 lines
Model score: 0.962
Model confusion matrix: 
[[515  32]
 [  6 447]]
End time: 16:20:22
Time difference is 1.0 seconds




Start time: 16:20:50
 ----------- Training data -----------
Read 20000/20000 lines
Model score: 0.9803
Model confusion matrix: 
[[10458   367]
 [   27  9148]]
 ----------- Test data -----------
Read 4000/4000 lines
Model score: 0.967
Model confusion matrix: 
[[2116  118]
 [  14 1752]]
End time: 16:20:54
Time difference is 4.0 seconds




Start time: 16:21:24
Read 100000/100000 lines
 ----------- Training data -----------
Model score: 0.98535
Model confusion matrix: 
[[52702  1283]
 [  182 45833]]
 ----------- Test data -----------
Read 20000/20000 lines
Model score: 0.97445
Model confusion matrix: 
[[10382   419]
 [   92  9107]]
End time: 16:25:07
Time difference is 223.0 seconds




Start time: 16:25:59
 ----------- Training data -----------
Read 200000/200000 lines
Model score: 0.987855
Model confusion matrix: 
[[105765   2121]
 [   308  91806]]
 ----------- Test data -----------
Read 40000/40000 lines
Model score: 0.975075
Model confusion matrix: 
[[20758   816]
 [  181 18245]]
End time: 16:45:58
Time difference is 1199.0 seconds